2024-06-12 14:35:02,470 INFO o.a.j.u.JMeterUtils: Setting Locale to en_EN
2024-06-12 14:35:02,511 INFO o.a.j.JMeter: Loading user properties from: D:\friends\apache-jmeter-5.6.2\bin\user.properties
2024-06-12 14:35:02,517 INFO o.a.j.JMeter: Loading system properties from: D:\friends\apache-jmeter-5.6.2\bin\system.properties
2024-06-12 14:35:02,524 INFO o.a.j.JMeter: Copyright (c) 1998-2023 The Apache Software Foundation
2024-06-12 14:35:02,524 INFO o.a.j.JMeter: Version 5.6.2
2024-06-12 14:35:02,524 INFO o.a.j.JMeter: java.version=11.0.18
2024-06-12 14:35:02,524 INFO o.a.j.JMeter: java.vm.name=Java HotSpot(TM) 64-Bit Server VM
2024-06-12 14:35:02,524 INFO o.a.j.JMeter: os.name=Windows 10
2024-06-12 14:35:02,524 INFO o.a.j.JMeter: os.arch=amd64
2024-06-12 14:35:02,524 INFO o.a.j.JMeter: os.version=10.0
2024-06-12 14:35:02,524 INFO o.a.j.JMeter: file.encoding=Cp1252
2024-06-12 14:35:02,524 INFO o.a.j.JMeter: java.awt.headless=true
2024-06-12 14:35:02,524 INFO o.a.j.JMeter: Max memory     =1073741824
2024-06-12 14:35:02,524 INFO o.a.j.JMeter: Available Processors =12
2024-06-12 14:35:02,532 INFO o.a.j.JMeter: Default Locale=English (EN)
2024-06-12 14:35:02,533 INFO o.a.j.JMeter: JMeter  Locale=English (EN)
2024-06-12 14:35:02,533 INFO o.a.j.JMeter: JMeterHome=D:\friends\apache-jmeter-5.6.2
2024-06-12 14:35:02,533 INFO o.a.j.JMeter: user.dir  =D:\friends\apache-jmeter-5.6.2\bin\Batch11\Random-User-API-Performance-Test
2024-06-12 14:35:02,533 INFO o.a.j.JMeter: PWD       =D:\friends\apache-jmeter-5.6.2\bin\Batch11\Random-User-API-Performance-Test
2024-06-12 14:35:02,534 INFO o.a.j.JMeter: IP: 192.168.1.13 Name: DESKTOP-FMPLG4C FullName: DESKTOP-FMPLG4C
2024-06-12 14:35:02,547 INFO o.a.j.s.FileServer: Default base='D:\friends\apache-jmeter-5.6.2\bin\Batch11\Random-User-API-Performance-Test'
2024-06-12 14:35:02,549 INFO o.a.j.s.FileServer: Set new base='D:\friends\apache-jmeter-5.6.2\bin\Batch11\Random-User-API-Performance-Test'
2024-06-12 14:35:02,698 INFO o.a.j.s.SaveService: Testplan (JMX) version: 2.2. Testlog (JTL) version: 2.2
2024-06-12 14:35:02,727 INFO o.a.j.s.SaveService: Using SaveService properties version 5.0
2024-06-12 14:35:02,730 INFO o.a.j.s.SaveService: Using SaveService properties file encoding UTF-8
2024-06-12 14:35:02,732 INFO o.a.j.s.SaveService: Loading file: Random-User-API-Performance-Test.jmx
2024-06-12 14:35:02,800 INFO o.a.j.p.h.s.HTTPSamplerBase: Parser for text/html is org.apache.jmeter.protocol.http.parser.LagartoBasedHtmlParser
2024-06-12 14:35:02,800 INFO o.a.j.p.h.s.HTTPSamplerBase: Parser for application/xhtml+xml is org.apache.jmeter.protocol.http.parser.LagartoBasedHtmlParser
2024-06-12 14:35:02,800 INFO o.a.j.p.h.s.HTTPSamplerBase: Parser for application/xml is org.apache.jmeter.protocol.http.parser.LagartoBasedHtmlParser
2024-06-12 14:35:02,800 INFO o.a.j.p.h.s.HTTPSamplerBase: Parser for text/xml is org.apache.jmeter.protocol.http.parser.LagartoBasedHtmlParser
2024-06-12 14:35:02,800 INFO o.a.j.p.h.s.HTTPSamplerBase: Parser for text/vnd.wap.wml is org.apache.jmeter.protocol.http.parser.RegexpHTMLParser
2024-06-12 14:35:02,800 INFO o.a.j.p.h.s.HTTPSamplerBase: Parser for text/css is org.apache.jmeter.protocol.http.parser.CssParser
2024-06-12 14:35:02,818 INFO o.a.j.JMeter: Creating summariser <summary>
2024-06-12 14:35:02,832 INFO o.a.j.e.StandardJMeterEngine: Running the test!
2024-06-12 14:35:02,833 INFO o.a.j.s.SampleEvent: List of sample_variables: []
2024-06-12 14:35:02,833 INFO o.a.j.s.SampleEvent: List of sample_variables: []
2024-06-12 14:35:02,842 INFO o.a.j.e.u.CompoundVariable: Note: Function class names must contain the string: '.functions.'
2024-06-12 14:35:02,842 INFO o.a.j.e.u.CompoundVariable: Note: Function class names must not contain the string: '.gui.'
2024-06-12 14:35:03,106 INFO o.a.j.JMeter: Running test (1718181303106)
2024-06-12 14:35:03,123 INFO o.a.j.e.StandardJMeterEngine: Starting ThreadGroup: 1 : Thread Group
2024-06-12 14:35:03,123 INFO o.a.j.e.StandardJMeterEngine: Starting 1100 threads for group Thread Group.
2024-06-12 14:35:03,123 INFO o.a.j.e.StandardJMeterEngine: Thread will continue on error
2024-06-12 14:35:03,123 INFO o.a.j.t.ThreadGroup: Starting thread group... number=1 threads=1100 ramp-up=300 delayedStart=false
2024-06-12 14:35:03,131 INFO o.a.j.t.JMeterThread: Thread started: Thread Group 1-1
2024-06-12 14:35:03,152 INFO o.a.j.p.h.s.HTTPHCAbstractImpl: Local host = DESKTOP-FMPLG4C
2024-06-12 14:35:03,158 INFO o.a.j.p.h.s.HTTPHC4Impl: HTTP request retry count = 0
2024-06-12 14:35:03,160 INFO o.a.j.s.SampleResult: Note: Sample TimeStamps are START times
2024-06-12 14:35:03,160 INFO o.a.j.s.SampleResult: sampleresult.default.encoding is set to UTF-8
2024-06-12 14:35:03,160 INFO o.a.j.s.SampleResult: sampleresult.useNanoTime=true
2024-06-12 14:35:03,160 INFO o.a.j.s.SampleResult: sampleresult.nanoThreadSleep=5000
2024-06-12 14:35:03,269 INFO o.a.j.p.h.s.h.LazyLayeredConnectionSocketFactory: Setting up HTTPS TrustAll Socket Factory
2024-06-12 14:35:03,280 INFO o.a.j.u.JsseSSLManager: Using default SSL protocol: TLS
2024-06-12 14:35:03,280 INFO o.a.j.u.JsseSSLManager: SSL session context: per-thread
2024-06-12 14:35:03,288 INFO o.a.j.t.ThreadGroup: Started thread group number 1
2024-06-12 14:35:03,288 INFO o.a.j.e.StandardJMeterEngine: All thread groups have been started
2024-06-12 14:35:03,403 INFO o.a.j.t.JMeterThread: Thread started: Thread Group 1-2
2024-06-12 14:35:03,550 INFO o.a.j.u.SSLManager: JmeterKeyStore Location:  type JKS
2024-06-12 14:35:03,555 INFO o.a.j.u.SSLManager: KeyStore created OK
2024-06-12 14:35:03,555 WARN o.a.j.u.SSLManager: Keystore file not found, loading empty keystore
2024-06-12 14:35:03,675 INFO o.a.j.t.JMeterThread: Thread started: Thread Group 1-3
2024-06-12 14:35:03,948 INFO o.a.j.t.JMeterThread: Thread started: Thread Group 1-4
2024-06-12 14:35:04,218 INFO o.a.j.t.JMeterThread: Thread started: Thread Group 1-5
2024-06-12 14:35:04,234 INFO o.a.j.t.JMeterThread: Thread is done: Thread Group 1-2
2024-06-12 14:35:04,234 INFO o.a.j.t.JMeterThread: Thread finished: Thread Group 1-2
2024-06-12 14:35:04,246 INFO o.a.j.r.Summariser: summary +      1 in 00:00:01 =    0.9/s Avg:   986 Min:   986 Max:   986 Err:     0 (0.00%) Active: 5 Started: 5 Finished: 0
2024-06-12 14:35:04,246 INFO o.a.j.t.JMeterThread: Thread is done: Thread Group 1-1
2024-06-12 14:35:04,246 INFO o.a.j.t.JMeterThread: Thread finished: Thread Group 1-1
2024-06-12 14:35:04,435 INFO o.a.j.t.JMeterThread: Thread is done: Thread Group 1-3
2024-06-12 14:35:04,435 INFO o.a.j.t.JMeterThread: Thread finished: Thread Group 1-3
2024-06-12 14:35:04,491 INFO o.a.j.t.JMeterThread: Thread started: Thread Group 1-6
2024-06-12 14:35:04,727 INFO o.a.j.t.JMeterThread: Thread is done: Thread Group 1-4
2024-06-12 14:35:04,727 INFO o.a.j.t.JMeterThread: Thread finished: Thread Group 1-4
2024-06-12 14:35:04,763 INFO o.a.j.t.JMeterThread: Thread started: Thread Group 1-7
2024-06-12 14:35:04,987 INFO o.a.j.t.JMeterThread: Thread is done: Thread Group 1-5
2024-06-12 14:35:04,987 INFO o.a.j.t.JMeterThread: Thread finished: Thread Group 1-5
2024-06-12 14:35:05,035 INFO o.a.j.t.JMeterThread: Thread started: Thread Group 1-8
2024-06-12 14:35:05,256 INFO o.a.j.t.JMeterThread: Thread is done: Thread Group 1-6
2024-06-12 14:35:05,256 INFO o.a.j.t.JMeterThread: Thread finished: Thread Group 1-6
2024-06-12 14:35:05,308 INFO o.a.j.t.JMeterThread: Thread started: Thread Group 1-9
2024-06-12 14:35:05,543 INFO o.a.j.t.JMeterThread: Thread is done: Thread Group 1-7
2024-06-12 14:35:05,543 INFO o.a.j.t.JMeterThread: Thread finished: Thread Group 1-7
2024-06-12 14:35:05,581 INFO o.a.j.t.JMeterThread: Thread started: Thread Group 1-10
2024-06-12 14:35:05,607 INFO o.a.j.t.JMeterThread: Thread is done: Thread Group 1-8
2024-06-12 14:35:05,607 INFO o.a.j.t.JMeterThread: Thread finished: Thread Group 1-8
2024-06-12 14:35:05,854 INFO o.a.j.t.JMeterThread: Thread started: Thread Group 1-11
2024-06-12 14:35:06,091 INFO o.a.j.t.JMeterThread: Thread is done: Thread Group 1-9
2024-06-12 14:35:06,091 INFO o.a.j.t.JMeterThread: Thread finished: Thread Group 1-9
2024-06-12 14:35:06,127 INFO o.a.j.t.JMeterThread: Thread started: Thread Group 1-12
2024-06-12 14:35:06,154 INFO o.a.j.t.JMeterThread: Thread is done: Thread Group 1-10
2024-06-12 14:35:06,154 INFO o.a.j.t.JMeterThread: Thread finished: Thread Group 1-10
2024-06-12 14:35:06,400 INFO o.a.j.t.JMeterThread: Thread started: Thread Group 1-13
2024-06-12 14:35:06,443 INFO o.a.j.t.JMeterThread: Thread is done: Thread Group 1-11
2024-06-12 14:35:06,443 INFO o.a.j.t.JMeterThread: Thread finished: Thread Group 1-11
2024-06-12 14:35:06,674 INFO o.a.j.t.JMeterThread: Thread started: Thread Group 1-14
2024-06-12 14:35:06,718 INFO o.a.j.t.JMeterThread: Thread is done: Thread Group 1-12
2024-06-12 14:35:06,718 INFO o.a.j.t.JMeterThread: Thread finished: Thread Group 1-12
2024-06-12 14:35:06,946 INFO o.a.j.t.JMeterThread: Thread started: Thread Group 1-15
2024-06-12 14:35:06,975 INFO o.a.j.t.JMeterThread: Thread is done: Thread Group 1-13
2024-06-12 14:35:06,975 INFO o.a.j.t.JMeterThread: Thread finished: Thread Group 1-13
2024-06-12 14:35:07,222 INFO o.a.j.t.JMeterThread: Thread started: Thread Group 1-16
2024-06-12 14:35:07,255 INFO o.a.j.t.JMeterThread: Thread is done: Thread Group 1-14
2024-06-12 14:35:07,255 INFO o.a.j.t.JMeterThread: Thread finished: Thread Group 1-14
2024-06-12 14:35:07,492 INFO o.a.j.t.JMeterThread: Thread started: Thread Group 1-17
2024-06-12 14:35:07,704 INFO o.a.j.t.JMeterThread: Thread is done: Thread Group 1-15
2024-06-12 14:35:07,705 INFO o.a.j.t.JMeterThread: Thread finished: Thread Group 1-15
2024-06-12 14:35:07,766 INFO o.a.j.t.JMeterThread: Thread started: Thread Group 1-18
2024-06-12 14:35:07,807 INFO o.a.j.t.JMeterThread: Thread is done: Thread Group 1-16
2024-06-12 14:35:07,808 INFO o.a.j.t.JMeterThread: Thread finished: Thread Group 1-16
2024-06-12 14:35:08,038 INFO o.a.j.t.JMeterThread: Thread started: Thread Group 1-19
2024-06-12 14:35:08,089 INFO o.a.j.t.JMeterThread: Thread is done: Thread Group 1-17
2024-06-12 14:35:08,089 INFO o.a.j.t.JMeterThread: Thread finished: Thread Group 1-17
2024-06-12 14:35:08,312 INFO o.a.j.t.JMeterThread: Thread started: Thread Group 1-20
2024-06-12 14:35:08,346 INFO o.a.j.t.JMeterThread: Thread is done: Thread Group 1-18
2024-06-12 14:35:08,347 INFO o.a.j.t.JMeterThread: Thread finished: Thread Group 1-18
2024-06-12 14:35:08,584 INFO o.a.j.t.JMeterThread: Thread started: Thread Group 1-21
2024-06-12 14:35:08,634 INFO o.a.j.t.JMeterThread: Thread is done: Thread Group 1-19
2024-06-12 14:35:08,634 INFO o.a.j.t.JMeterThread: Thread finished: Thread Group 1-19
2024-06-12 14:35:08,857 INFO o.a.j.t.JMeterThread: Thread started: Thread Group 1-22
2024-06-12 14:35:09,097 INFO o.a.j.t.JMeterThread: Thread is done: Thread Group 1-20
2024-06-12 14:35:09,097 INFO o.a.j.t.JMeterThread: Thread finished: Thread Group 1-20
2024-06-12 14:35:09,130 INFO o.a.j.t.JMeterThread: Thread started: Thread Group 1-23
2024-06-12 14:35:09,158 INFO o.a.j.t.JMeterThread: Thread is done: Thread Group 1-21
2024-06-12 14:35:09,158 INFO o.a.j.t.JMeterThread: Thread finished: Thread Group 1-21
2024-06-12 14:35:09,403 INFO o.a.j.t.JMeterThread: Thread started: Thread Group 1-24
2024-06-12 14:35:09,610 INFO o.a.j.t.JMeterThread: Thread is done: Thread Group 1-22
2024-06-12 14:35:09,610 INFO o.a.j.t.JMeterThread: Thread finished: Thread Group 1-22
2024-06-12 14:35:09,677 INFO o.a.j.t.JMeterThread: Thread started: Thread Group 1-25
2024-06-12 14:35:09,715 INFO o.a.j.t.JMeterThread: Thread is done: Thread Group 1-23
2024-06-12 14:35:09,715 INFO o.a.j.t.JMeterThread: Thread finished: Thread Group 1-23
2024-06-12 14:35:09,948 INFO o.a.j.t.JMeterThread: Thread started: Thread Group 1-26
2024-06-12 14:35:09,990 INFO o.a.j.t.JMeterThread: Thread is done: Thread Group 1-24
2024-06-12 14:35:09,990 INFO o.a.j.t.JMeterThread: Thread finished: Thread Group 1-24
2024-06-12 14:35:10,222 INFO o.a.j.t.JMeterThread: Thread started: Thread Group 1-27
2024-06-12 14:35:10,248 INFO o.a.j.t.JMeterThread: Thread is done: Thread Group 1-25
2024-06-12 14:35:10,249 INFO o.a.j.t.JMeterThread: Thread finished: Thread Group 1-25
2024-06-12 14:35:10,494 INFO o.a.j.t.JMeterThread: Thread started: Thread Group 1-28
2024-06-12 14:35:10,517 INFO o.a.j.t.JMeterThread: Thread is done: Thread Group 1-26
2024-06-12 14:35:10,517 INFO o.a.j.t.JMeterThread: Thread finished: Thread Group 1-26
2024-06-12 14:35:10,768 INFO o.a.j.t.JMeterThread: Thread started: Thread Group 1-29
2024-06-12 14:35:10,801 INFO o.a.j.t.JMeterThread: Thread is done: Thread Group 1-27
2024-06-12 14:35:10,801 INFO o.a.j.t.JMeterThread: Thread finished: Thread Group 1-27
2024-06-12 14:35:11,041 INFO o.a.j.t.JMeterThread: Thread started: Thread Group 1-30
2024-06-12 14:35:11,084 INFO o.a.j.t.JMeterThread: Thread is done: Thread Group 1-28
2024-06-12 14:35:11,085 INFO o.a.j.t.JMeterThread: Thread finished: Thread Group 1-28
2024-06-12 14:35:11,313 INFO o.a.j.t.JMeterThread: Thread started: Thread Group 1-31
2024-06-12 14:35:11,349 INFO o.a.j.t.JMeterThread: Thread is done: Thread Group 1-29
2024-06-12 14:35:11,349 INFO o.a.j.t.JMeterThread: Thread finished: Thread Group 1-29
2024-06-12 14:35:11,587 INFO o.a.j.t.JMeterThread: Thread started: Thread Group 1-32
2024-06-12 14:35:11,807 INFO o.a.j.t.JMeterThread: Thread is done: Thread Group 1-30
2024-06-12 14:35:11,807 INFO o.a.j.t.JMeterThread: Thread finished: Thread Group 1-30
2024-06-12 14:35:11,860 INFO o.a.j.t.JMeterThread: Thread started: Thread Group 1-33
2024-06-12 14:35:12,085 INFO o.a.j.t.JMeterThread: Thread is done: Thread Group 1-31
2024-06-12 14:35:12,085 INFO o.a.j.t.JMeterThread: Thread finished: Thread Group 1-31
2024-06-12 14:35:12,133 INFO o.a.j.t.JMeterThread: Thread started: Thread Group 1-34
2024-06-12 14:35:12,336 INFO o.a.j.t.JMeterThread: Thread is done: Thread Group 1-32
2024-06-12 14:35:12,336 INFO o.a.j.t.JMeterThread: Thread finished: Thread Group 1-32
2024-06-12 14:35:12,407 INFO o.a.j.t.JMeterThread: Thread started: Thread Group 1-35
2024-06-12 14:35:12,613 INFO o.a.j.t.JMeterThread: Thread is done: Thread Group 1-33
2024-06-12 14:35:12,613 INFO o.a.j.t.JMeterThread: Thread finished: Thread Group 1-33
2024-06-12 14:35:12,678 INFO o.a.j.t.JMeterThread: Thread started: Thread Group 1-36
2024-06-12 14:35:12,713 INFO o.a.j.t.JMeterThread: Thread is done: Thread Group 1-34
2024-06-12 14:35:12,713 INFO o.a.j.t.JMeterThread: Thread finished: Thread Group 1-34
2024-06-12 14:35:12,951 INFO o.a.j.t.JMeterThread: Thread started: Thread Group 1-37
2024-06-12 14:35:12,978 INFO o.a.j.t.JMeterThread: Thread is done: Thread Group 1-35
2024-06-12 14:35:12,978 INFO o.a.j.t.JMeterThread: Thread finished: Thread Group 1-35
2024-06-12 14:35:13,225 INFO o.a.j.t.JMeterThread: Thread started: Thread Group 1-38
2024-06-12 14:35:13,261 INFO o.a.j.t.JMeterThread: Thread is done: Thread Group 1-36
2024-06-12 14:35:13,261 INFO o.a.j.t.JMeterThread: Thread finished: Thread Group 1-36
2024-06-12 14:35:13,499 INFO o.a.j.t.JMeterThread: Thread started: Thread Group 1-39
2024-06-12 14:35:13,528 INFO o.a.j.t.JMeterThread: Thread is done: Thread Group 1-37
2024-06-12 14:35:13,528 INFO o.a.j.t.JMeterThread: Thread finished: Thread Group 1-37
2024-06-12 14:35:13,772 INFO o.a.j.t.JMeterThread: Thread started: Thread Group 1-40
2024-06-12 14:35:13,973 INFO o.a.j.t.JMeterThread: Thread is done: Thread Group 1-38
2024-06-12 14:35:13,973 INFO o.a.j.t.JMeterThread: Thread finished: Thread Group 1-38
2024-06-12 14:35:14,044 INFO o.a.j.t.JMeterThread: Thread started: Thread Group 1-41
2024-06-12 14:35:14,070 INFO o.a.j.t.JMeterThread: Thread is done: Thread Group 1-39
2024-06-12 14:35:14,070 INFO o.a.j.t.JMeterThread: Thread finished: Thread Group 1-39
2024-06-12 14:35:14,317 INFO o.a.j.t.JMeterThread: Thread started: Thread Group 1-42
2024-06-12 14:35:14,353 INFO o.a.j.t.JMeterThread: Thread is done: Thread Group 1-40
2024-06-12 14:35:14,353 INFO o.a.j.t.JMeterThread: Thread finished: Thread Group 1-40
2024-06-12 14:35:14,591 INFO o.a.j.t.JMeterThread: Thread started: Thread Group 1-43
2024-06-12 14:35:14,800 INFO o.a.j.t.JMeterThread: Thread is done: Thread Group 1-41
2024-06-12 14:35:14,801 INFO o.a.j.t.JMeterThread: Thread finished: Thread Group 1-41
2024-06-12 14:35:14,863 INFO o.a.j.t.JMeterThread: Thread started: Thread Group 1-44
2024-06-12 14:35:15,067 INFO o.a.j.t.JMeterThread: Thread is done: Thread Group 1-42
2024-06-12 14:35:15,067 INFO o.a.j.t.JMeterThread: Thread finished: Thread Group 1-42
2024-06-12 14:35:15,136 INFO o.a.j.t.JMeterThread: Thread started: Thread Group 1-45
2024-06-12 14:35:15,363 INFO o.a.j.t.JMeterThread: Thread is done: Thread Group 1-43
2024-06-12 14:35:15,363 INFO o.a.j.t.JMeterThread: Thread finished: Thread Group 1-43
2024-06-12 14:35:15,408 INFO o.a.j.t.JMeterThread: Thread started: Thread Group 1-46
2024-06-12 14:35:15,625 INFO o.a.j.t.JMeterThread: Thread is done: Thread Group 1-44
2024-06-12 14:35:15,625 INFO o.a.j.t.JMeterThread: Thread finished: Thread Group 1-44
2024-06-12 14:35:15,682 INFO o.a.j.t.JMeterThread: Thread started: Thread Group 1-47
2024-06-12 14:35:15,707 INFO o.a.j.t.JMeterThread: Thread is done: Thread Group 1-45
2024-06-12 14:35:15,708 INFO o.a.j.t.JMeterThread: Thread finished: Thread Group 1-45
2024-06-12 14:35:15,955 INFO o.a.j.t.JMeterThread: Thread started: Thread Group 1-48
2024-06-12 14:35:16,194 INFO o.a.j.t.JMeterThread: Thread is done: Thread Group 1-46
2024-06-12 14:35:16,194 INFO o.a.j.t.JMeterThread: Thread finished: Thread Group 1-46
2024-06-12 14:35:16,227 INFO o.a.j.t.JMeterThread: Thread started: Thread Group 1-49
2024-06-12 14:35:16,455 INFO o.a.j.t.JMeterThread: Thread is done: Thread Group 1-47
2024-06-12 14:35:16,455 INFO o.a.j.t.JMeterThread: Thread finished: Thread Group 1-47
2024-06-12 14:35:16,500 INFO o.a.j.t.JMeterThread: Thread started: Thread Group 1-50
2024-06-12 14:35:16,722 INFO o.a.j.t.JMeterThread: Thread is done: Thread Group 1-48
2024-06-12 14:35:16,722 INFO o.a.j.t.JMeterThread: Thread finished: Thread Group 1-48
2024-06-12 14:35:16,774 INFO o.a.j.t.JMeterThread: Thread started: Thread Group 1-51
2024-06-12 14:35:17,008 INFO o.a.j.t.JMeterThread: Thread is done: Thread Group 1-49
2024-06-12 14:35:17,008 INFO o.a.j.t.JMeterThread: Thread finished: Thread Group 1-49
2024-06-12 14:35:17,047 INFO o.a.j.t.JMeterThread: Thread started: Thread Group 1-52
2024-06-12 14:35:17,250 INFO o.a.j.t.JMeterThread: Thread is done: Thread Group 1-50
2024-06-12 14:35:17,250 INFO o.a.j.t.JMeterThread: Thread finished: Thread Group 1-50
2024-06-12 14:35:17,321 INFO o.a.j.t.JMeterThread: Thread started: Thread Group 1-53
2024-06-12 14:35:17,528 INFO o.a.j.t.JMeterThread: Thread is done: Thread Group 1-51
2024-06-12 14:35:17,528 INFO o.a.j.t.JMeterThread: Thread finished: Thread Group 1-51
2024-06-12 14:35:17,593 INFO o.a.j.t.JMeterThread: Thread started: Thread Group 1-54
2024-06-12 14:35:17,807 INFO o.a.j.t.JMeterThread: Thread is done: Thread Group 1-52
2024-06-12 14:35:17,807 INFO o.a.j.t.JMeterThread: Thread finished: Thread Group 1-52
2024-06-12 14:35:17,866 INFO o.a.j.t.JMeterThread: Thread started: Thread Group 1-55
2024-06-12 14:35:17,898 INFO o.a.j.t.JMeterThread: Thread is done: Thread Group 1-53
2024-06-12 14:35:17,899 INFO o.a.j.t.JMeterThread: Thread finished: Thread Group 1-53
2024-06-12 14:35:18,139 INFO o.a.j.t.JMeterThread: Thread started: Thread Group 1-56
2024-06-12 14:35:18,382 INFO o.a.j.t.JMeterThread: Thread is done: Thread Group 1-54
2024-06-12 14:35:18,382 INFO o.a.j.t.JMeterThread: Thread finished: Thread Group 1-54
2024-06-12 14:35:18,411 INFO o.a.j.t.JMeterThread: Thread started: Thread Group 1-57
2024-06-12 14:35:18,464 INFO o.a.j.t.JMeterThread: Thread is done: Thread Group 1-55
2024-06-12 14:35:18,464 INFO o.a.j.t.JMeterThread: Thread finished: Thread Group 1-55
2024-06-12 14:35:18,685 INFO o.a.j.t.JMeterThread: Thread started: Thread Group 1-58
2024-06-12 14:35:18,903 INFO o.a.j.t.JMeterThread: Thread is done: Thread Group 1-56
2024-06-12 14:35:18,903 INFO o.a.j.t.JMeterThread: Thread finished: Thread Group 1-56
2024-06-12 14:35:18,958 INFO o.a.j.t.JMeterThread: Thread started: Thread Group 1-59
2024-06-12 14:35:19,162 INFO o.a.j.t.JMeterThread: Thread is done: Thread Group 1-57
2024-06-12 14:35:19,162 INFO o.a.j.t.JMeterThread: Thread finished: Thread Group 1-57
2024-06-12 14:35:19,230 INFO o.a.j.t.JMeterThread: Thread started: Thread Group 1-60
2024-06-12 14:35:19,441 INFO o.a.j.t.JMeterThread: Thread is done: Thread Group 1-58
2024-06-12 14:35:19,441 INFO o.a.j.t.JMeterThread: Thread finished: Thread Group 1-58
2024-06-12 14:35:19,503 INFO o.a.j.t.JMeterThread: Thread started: Thread Group 1-61
2024-06-12 14:35:19,715 INFO o.a.j.t.JMeterThread: Thread is done: Thread Group 1-59
2024-06-12 14:35:19,715 INFO o.a.j.t.JMeterThread: Thread finished: Thread Group 1-59
2024-06-12 14:35:19,776 INFO o.a.j.t.JMeterThread: Thread started: Thread Group 1-62
2024-06-12 14:35:20,009 INFO o.a.j.t.JMeterThread: Thread is done: Thread Group 1-60
2024-06-12 14:35:20,009 INFO o.a.j.t.JMeterThread: Thread finished: Thread Group 1-60
2024-06-12 14:35:20,049 INFO o.a.j.t.JMeterThread: Thread started: Thread Group 1-63
2024-06-12 14:35:20,077 INFO o.a.j.t.JMeterThread: Thread is done: Thread Group 1-61
2024-06-12 14:35:20,078 INFO o.a.j.t.JMeterThread: Thread finished: Thread Group 1-61
2024-06-12 14:35:20,324 INFO o.a.j.t.JMeterThread: Thread started: Thread Group 1-64
2024-06-12 14:35:20,360 INFO o.a.j.t.JMeterThread: Thread is done: Thread Group 1-62
2024-06-12 14:35:20,360 INFO o.a.j.t.JMeterThread: Thread finished: Thread Group 1-62
2024-06-12 14:35:20,609 INFO o.a.j.t.JMeterThread: Thread started: Thread Group 1-65
2024-06-12 14:35:20,626 INFO o.a.j.t.JMeterThread: Thread is done: Thread Group 1-63
2024-06-12 14:35:20,627 INFO o.a.j.t.JMeterThread: Thread finished: Thread Group 1-63
2024-06-12 14:35:20,869 INFO o.a.j.t.JMeterThread: Thread started: Thread Group 1-66
2024-06-12 14:35:20,927 INFO o.a.j.t.JMeterThread: Thread is done: Thread Group 1-64
2024-06-12 14:35:20,928 INFO o.a.j.t.JMeterThread: Thread finished: Thread Group 1-64
2024-06-12 14:35:21,142 INFO o.a.j.t.JMeterThread: Thread started: Thread Group 1-67
2024-06-12 14:35:21,367 INFO o.a.j.t.JMeterThread: Thread is done: Thread Group 1-65
2024-06-12 14:35:21,367 INFO o.a.j.t.JMeterThread: Thread finished: Thread Group 1-65
2024-06-12 14:35:21,414 INFO o.a.j.t.JMeterThread: Thread started: Thread Group 1-68
2024-06-12 14:35:21,623 INFO o.a.j.t.JMeterThread: Thread is done: Thread Group 1-66
2024-06-12 14:35:21,624 INFO o.a.j.t.JMeterThread: Thread finished: Thread Group 1-66
2024-06-12 14:35:21,697 INFO o.a.j.t.JMeterThread: Thread started: Thread Group 1-69
2024-06-12 14:35:21,894 INFO o.a.j.t.JMeterThread: Thread is done: Thread Group 1-67
2024-06-12 14:35:21,894 INFO o.a.j.t.JMeterThread: Thread finished: Thread Group 1-67
2024-06-12 14:35:21,962 INFO o.a.j.t.JMeterThread: Thread started: Thread Group 1-70
2024-06-12 14:35:22,168 INFO o.a.j.t.JMeterThread: Thread is done: Thread Group 1-68
2024-06-12 14:35:22,168 INFO o.a.j.t.JMeterThread: Thread finished: Thread Group 1-68
2024-06-12 14:35:22,235 INFO o.a.j.t.JMeterThread: Thread started: Thread Group 1-71
2024-06-12 14:35:22,256 INFO o.a.j.t.JMeterThread: Thread is done: Thread Group 1-69
2024-06-12 14:35:22,256 INFO o.a.j.t.JMeterThread: Thread finished: Thread Group 1-69
2024-06-12 14:35:22,506 INFO o.a.j.t.JMeterThread: Thread started: Thread Group 1-72
2024-06-12 14:35:22,713 INFO o.a.j.t.JMeterThread: Thread is done: Thread Group 1-70
2024-06-12 14:35:22,713 INFO o.a.j.t.JMeterThread: Thread finished: Thread Group 1-70
2024-06-12 14:35:22,780 INFO o.a.j.t.JMeterThread: Thread started: Thread Group 1-73
2024-06-12 14:35:22,794 INFO o.a.j.t.JMeterThread: Thread is done: Thread Group 1-71
2024-06-12 14:35:22,794 INFO o.a.j.t.JMeterThread: Thread finished: Thread Group 1-71
2024-06-12 14:35:23,053 INFO o.a.j.t.JMeterThread: Thread started: Thread Group 1-74
2024-06-12 14:35:23,268 INFO o.a.j.t.JMeterThread: Thread is done: Thread Group 1-72
2024-06-12 14:35:23,268 INFO o.a.j.t.JMeterThread: Thread finished: Thread Group 1-72
2024-06-12 14:35:23,325 INFO o.a.j.t.JMeterThread: Thread started: Thread Group 1-75
2024-06-12 14:35:23,342 INFO o.a.j.t.JMeterThread: Thread is done: Thread Group 1-73
2024-06-12 14:35:23,342 INFO o.a.j.t.JMeterThread: Thread finished: Thread Group 1-73
2024-06-12 14:35:23,598 INFO o.a.j.t.JMeterThread: Thread started: Thread Group 1-76
2024-06-12 14:35:23,632 INFO o.a.j.t.JMeterThread: Thread is done: Thread Group 1-74
2024-06-12 14:35:23,632 INFO o.a.j.t.JMeterThread: Thread finished: Thread Group 1-74
2024-06-12 14:35:23,872 INFO o.a.j.t.JMeterThread: Thread started: Thread Group 1-77
2024-06-12 14:35:23,894 INFO o.a.j.t.JMeterThread: Thread is done: Thread Group 1-75
2024-06-12 14:35:23,894 INFO o.a.j.t.JMeterThread: Thread finished: Thread Group 1-75
2024-06-12 14:35:24,145 INFO o.a.j.t.JMeterThread: Thread started: Thread Group 1-78
2024-06-12 14:35:24,339 INFO o.a.j.t.JMeterThread: Thread is done: Thread Group 1-76
2024-06-12 14:35:24,339 INFO o.a.j.t.JMeterThread: Thread finished: Thread Group 1-76
2024-06-12 14:35:24,418 INFO o.a.j.t.JMeterThread: Thread started: Thread Group 1-79
2024-06-12 14:35:24,435 INFO o.a.j.t.JMeterThread: Thread is done: Thread Group 1-77
2024-06-12 14:35:24,435 INFO o.a.j.t.JMeterThread: Thread finished: Thread Group 1-77
2024-06-12 14:35:24,690 INFO o.a.j.t.JMeterThread: Thread started: Thread Group 1-80
2024-06-12 14:35:24,897 INFO o.a.j.t.JMeterThread: Thread is done: Thread Group 1-78
2024-06-12 14:35:24,897 INFO o.a.j.t.JMeterThread: Thread finished: Thread Group 1-78
2024-06-12 14:35:24,963 INFO o.a.j.t.JMeterThread: Thread started: Thread Group 1-81
2024-06-12 14:35:25,169 INFO o.a.j.t.JMeterThread: Thread is done: Thread Group 1-79
2024-06-12 14:35:25,169 INFO o.a.j.t.JMeterThread: Thread finished: Thread Group 1-79
2024-06-12 14:35:25,236 INFO o.a.j.t.JMeterThread: Thread started: Thread Group 1-82
2024-06-12 14:35:25,267 INFO o.a.j.t.JMeterThread: Thread is done: Thread Group 1-80
2024-06-12 14:35:25,267 INFO o.a.j.t.JMeterThread: Thread finished: Thread Group 1-80
2024-06-12 14:35:25,509 INFO o.a.j.t.JMeterThread: Thread started: Thread Group 1-83
2024-06-12 14:35:25,733 INFO o.a.j.t.JMeterThread: Thread is done: Thread Group 1-81
2024-06-12 14:35:25,733 INFO o.a.j.t.JMeterThread: Thread finished: Thread Group 1-81
2024-06-12 14:35:25,783 INFO o.a.j.t.JMeterThread: Thread started: Thread Group 1-84
2024-06-12 14:35:25,820 INFO o.a.j.t.JMeterThread: Thread is done: Thread Group 1-82
2024-06-12 14:35:25,820 INFO o.a.j.t.JMeterThread: Thread finished: Thread Group 1-82
2024-06-12 14:35:26,056 INFO o.a.j.t.JMeterThread: Thread started: Thread Group 1-85
2024-06-12 14:35:26,253 INFO o.a.j.t.JMeterThread: Thread is done: Thread Group 1-83
2024-06-12 14:35:26,253 INFO o.a.j.t.JMeterThread: Thread finished: Thread Group 1-83
2024-06-12 14:35:26,329 INFO o.a.j.t.JMeterThread: Thread started: Thread Group 1-86
2024-06-12 14:35:26,337 INFO o.a.j.t.JMeterThread: Thread is done: Thread Group 1-84
2024-06-12 14:35:26,337 INFO o.a.j.t.JMeterThread: Thread finished: Thread Group 1-84
2024-06-12 14:35:26,602 INFO o.a.j.t.JMeterThread: Thread started: Thread Group 1-87
2024-06-12 14:35:26,821 INFO o.a.j.t.JMeterThread: Thread is done: Thread Group 1-85
2024-06-12 14:35:26,821 INFO o.a.j.t.JMeterThread: Thread finished: Thread Group 1-85
2024-06-12 14:35:26,884 INFO o.a.j.t.JMeterThread: Thread started: Thread Group 1-88
2024-06-12 14:35:26,890 INFO o.a.j.t.JMeterThread: Thread is done: Thread Group 1-86
2024-06-12 14:35:26,890 INFO o.a.j.t.JMeterThread: Thread finished: Thread Group 1-86
2024-06-12 14:35:27,148 INFO o.a.j.t.JMeterThread: Thread started: Thread Group 1-89
2024-06-12 14:35:27,353 INFO o.a.j.t.JMeterThread: Thread is done: Thread Group 1-87
2024-06-12 14:35:27,353 INFO o.a.j.t.JMeterThread: Thread finished: Thread Group 1-87
2024-06-12 14:35:27,422 INFO o.a.j.t.JMeterThread: Thread started: Thread Group 1-90
2024-06-12 14:35:27,633 INFO o.a.j.t.JMeterThread: Thread is done: Thread Group 1-88
2024-06-12 14:35:27,633 INFO o.a.j.t.JMeterThread: Thread finished: Thread Group 1-88
2024-06-12 14:35:27,695 INFO o.a.j.t.JMeterThread: Thread started: Thread Group 1-91
2024-06-12 14:35:27,926 INFO o.a.j.t.JMeterThread: Thread is done: Thread Group 1-89
2024-06-12 14:35:27,926 INFO o.a.j.t.JMeterThread: Thread finished: Thread Group 1-89
2024-06-12 14:35:27,967 INFO o.a.j.t.JMeterThread: Thread started: Thread Group 1-92
2024-06-12 14:35:28,169 INFO o.a.j.t.JMeterThread: Thread is done: Thread Group 1-90
2024-06-12 14:35:28,169 INFO o.a.j.t.JMeterThread: Thread finished: Thread Group 1-90
2024-06-12 14:35:28,239 INFO o.a.j.t.JMeterThread: Thread started: Thread Group 1-93
2024-06-12 14:35:28,457 INFO o.a.j.t.JMeterThread: Thread is done: Thread Group 1-91
2024-06-12 14:35:28,457 INFO o.a.j.t.JMeterThread: Thread finished: Thread Group 1-91
2024-06-12 14:35:28,512 INFO o.a.j.t.JMeterThread: Thread started: Thread Group 1-94
2024-06-12 14:35:28,722 INFO o.a.j.t.JMeterThread: Thread is done: Thread Group 1-92
2024-06-12 14:35:28,722 INFO o.a.j.t.JMeterThread: Thread finished: Thread Group 1-92
2024-06-12 14:35:28,786 INFO o.a.j.t.JMeterThread: Thread started: Thread Group 1-95
2024-06-12 14:35:28,987 INFO o.a.j.t.JMeterThread: Thread is done: Thread Group 1-93
2024-06-12 14:35:28,987 INFO o.a.j.t.JMeterThread: Thread finished: Thread Group 1-93
2024-06-12 14:35:29,059 INFO o.a.j.t.JMeterThread: Thread started: Thread Group 1-96
2024-06-12 14:35:29,256 INFO o.a.j.t.JMeterThread: Thread is done: Thread Group 1-94
2024-06-12 14:35:29,256 INFO o.a.j.t.JMeterThread: Thread finished: Thread Group 1-94
2024-06-12 14:35:29,332 INFO o.a.j.t.JMeterThread: Thread started: Thread Group 1-97
2024-06-12 14:35:29,335 INFO o.a.j.t.JMeterThread: Thread is done: Thread Group 1-95
2024-06-12 14:35:29,335 INFO o.a.j.t.JMeterThread: Thread finished: Thread Group 1-95
2024-06-12 14:35:29,605 INFO o.a.j.t.JMeterThread: Thread started: Thread Group 1-98
2024-06-12 14:35:29,818 INFO o.a.j.t.JMeterThread: Thread is done: Thread Group 1-96
2024-06-12 14:35:29,818 INFO o.a.j.t.JMeterThread: Thread finished: Thread Group 1-96
2024-06-12 14:35:29,878 INFO o.a.j.t.JMeterThread: Thread started: Thread Group 1-99
2024-06-12 14:35:29,908 INFO o.a.j.t.JMeterThread: Thread is done: Thread Group 1-97
2024-06-12 14:35:29,908 INFO o.a.j.t.JMeterThread: Thread finished: Thread Group 1-97
2024-06-12 14:35:30,152 INFO o.a.j.t.JMeterThread: Thread started: Thread Group 1-100
2024-06-12 14:35:30,177 INFO o.a.j.r.Summariser: summary +     97 in 00:00:26 =    3.7/s Avg:   677 Min:   548 Max:   825 Err:    35 (36.08%) Active: 3 Started: 100 Finished: 97
2024-06-12 14:35:30,178 INFO o.a.j.r.Summariser: summary =     98 in 00:00:27 =    3.6/s Avg:   680 Min:   548 Max:   986 Err:    35 (35.71%)
2024-06-12 14:35:30,178 INFO o.a.j.t.JMeterThread: Thread is done: Thread Group 1-98
2024-06-12 14:35:30,178 INFO o.a.j.t.JMeterThread: Thread finished: Thread Group 1-98
2024-06-12 14:35:30,424 INFO o.a.j.t.JMeterThread: Thread started: Thread Group 1-101
2024-06-12 14:35:30,452 INFO o.a.j.t.JMeterThread: Thread is done: Thread Group 1-99
2024-06-12 14:35:30,452 INFO o.a.j.t.JMeterThread: Thread finished: Thread Group 1-99
2024-06-12 14:35:30,696 INFO o.a.j.t.JMeterThread: Thread started: Thread Group 1-102
2024-06-12 14:35:30,728 INFO o.a.j.t.JMeterThread: Thread is done: Thread Group 1-100
2024-06-12 14:35:30,728 INFO o.a.j.t.JMeterThread: Thread finished: Thread Group 1-100
2024-06-12 14:35:30,969 INFO o.a.j.t.JMeterThread: Thread started: Thread Group 1-103
2024-06-12 14:35:31,018 INFO o.a.j.t.JMeterThread: Thread is done: Thread Group 1-101
2024-06-12 14:35:31,019 INFO o.a.j.t.JMeterThread: Thread finished: Thread Group 1-101
2024-06-12 14:35:31,242 INFO o.a.j.t.JMeterThread: Thread started: Thread Group 1-104
2024-06-12 14:35:31,286 INFO o.a.j.t.JMeterThread: Thread is done: Thread Group 1-102
2024-06-12 14:35:31,286 INFO o.a.j.t.JMeterThread: Thread finished: Thread Group 1-102
2024-06-12 14:35:31,517 INFO o.a.j.t.JMeterThread: Thread started: Thread Group 1-105
2024-06-12 14:35:31,538 INFO o.a.j.t.JMeterThread: Thread is done: Thread Group 1-103
2024-06-12 14:35:31,538 INFO o.a.j.t.JMeterThread: Thread finished: Thread Group 1-103
2024-06-12 14:35:31,790 INFO o.a.j.t.JMeterThread: Thread started: Thread Group 1-106
2024-06-12 14:35:32,062 INFO o.a.j.t.JMeterThread: Thread started: Thread Group 1-107
2024-06-12 14:35:32,335 INFO o.a.j.t.JMeterThread: Thread started: Thread Group 1-108
2024-06-12 14:35:32,607 INFO o.a.j.t.JMeterThread: Thread started: Thread Group 1-109
2024-06-12 14:35:32,612 INFO o.a.j.t.JMeterThread: Thread is done: Thread Group 1-106
2024-06-12 14:35:32,612 INFO o.a.j.t.JMeterThread: Thread finished: Thread Group 1-106
2024-06-12 14:35:32,651 INFO o.a.j.t.JMeterThread: Thread is done: Thread Group 1-104
2024-06-12 14:35:32,651 INFO o.a.j.t.JMeterThread: Thread finished: Thread Group 1-104
2024-06-12 14:35:32,685 INFO o.a.j.t.JMeterThread: Thread is done: Thread Group 1-105
2024-06-12 14:35:32,685 INFO o.a.j.t.JMeterThread: Thread finished: Thread Group 1-105
2024-06-12 14:35:32,842 INFO o.a.j.t.JMeterThread: Thread is done: Thread Group 1-107
2024-06-12 14:35:32,842 INFO o.a.j.t.JMeterThread: Thread finished: Thread Group 1-107
2024-06-12 14:35:32,881 INFO o.a.j.t.JMeterThread: Thread started: Thread Group 1-110
2024-06-12 14:35:33,100 INFO o.a.j.t.JMeterThread: Thread is done: Thread Group 1-108
2024-06-12 14:35:33,101 INFO o.a.j.t.JMeterThread: Thread finished: Thread Group 1-108
2024-06-12 14:35:33,155 INFO o.a.j.t.JMeterThread: Thread started: Thread Group 1-111
2024-06-12 14:35:33,175 INFO o.a.j.t.JMeterThread: Thread is done: Thread Group 1-109
2024-06-12 14:35:33,175 INFO o.a.j.t.JMeterThread: Thread finished: Thread Group 1-109
2024-06-12 14:35:33,426 INFO o.a.j.t.JMeterThread: Thread started: Thread Group 1-112
2024-06-12 14:35:33,630 INFO o.a.j.t.JMeterThread: Thread is done: Thread Group 1-110
2024-06-12 14:35:33,630 INFO o.a.j.t.JMeterThread: Thread finished: Thread Group 1-110
2024-06-12 14:35:33,699 INFO o.a.j.t.JMeterThread: Thread started: Thread Group 1-113
2024-06-12 14:35:33,912 INFO o.a.j.t.JMeterThread: Thread is done: Thread Group 1-111
2024-06-12 14:35:33,912 INFO o.a.j.t.JMeterThread: Thread finished: Thread Group 1-111
2024-06-12 14:35:33,972 INFO o.a.j.t.JMeterThread: Thread started: Thread Group 1-114
2024-06-12 14:35:34,209 INFO o.a.j.t.JMeterThread: Thread is done: Thread Group 1-112
2024-06-12 14:35:34,209 INFO o.a.j.t.JMeterThread: Thread finished: Thread Group 1-112
2024-06-12 14:35:34,246 INFO o.a.j.t.JMeterThread: Thread started: Thread Group 1-115
2024-06-12 14:35:34,478 INFO o.a.j.t.JMeterThread: Thread is done: Thread Group 1-113
2024-06-12 14:35:34,478 INFO o.a.j.t.JMeterThread: Thread finished: Thread Group 1-113
2024-06-12 14:35:34,519 INFO o.a.j.t.JMeterThread: Thread started: Thread Group 1-116
2024-06-12 14:35:34,730 INFO o.a.j.t.JMeterThread: Thread is done: Thread Group 1-114
2024-06-12 14:35:34,730 INFO o.a.j.t.JMeterThread: Thread finished: Thread Group 1-114
2024-06-12 14:35:34,791 INFO o.a.j.t.JMeterThread: Thread started: Thread Group 1-117
2024-06-12 14:35:35,018 INFO o.a.j.t.JMeterThread: Thread is done: Thread Group 1-115
2024-06-12 14:35:35,018 INFO o.a.j.t.JMeterThread: Thread finished: Thread Group 1-115
2024-06-12 14:35:35,064 INFO o.a.j.t.JMeterThread: Thread started: Thread Group 1-118
2024-06-12 14:35:35,298 INFO o.a.j.t.JMeterThread: Thread is done: Thread Group 1-116
2024-06-12 14:35:35,298 INFO o.a.j.t.JMeterThread: Thread finished: Thread Group 1-116
2024-06-12 14:35:35,338 INFO o.a.j.t.JMeterThread: Thread started: Thread Group 1-119
2024-06-12 14:35:35,361 INFO o.a.j.t.JMeterThread: Thread is done: Thread Group 1-117
2024-06-12 14:35:35,361 INFO o.a.j.t.JMeterThread: Thread finished: Thread Group 1-117
2024-06-12 14:35:35,610 INFO o.a.j.t.JMeterThread: Thread started: Thread Group 1-120
2024-06-12 14:35:35,636 INFO o.a.j.t.JMeterThread: Thread is done: Thread Group 1-118
2024-06-12 14:35:35,636 INFO o.a.j.t.JMeterThread: Thread finished: Thread Group 1-118
2024-06-12 14:35:35,884 INFO o.a.j.t.JMeterThread: Thread started: Thread Group 1-121
2024-06-12 14:35:35,908 INFO o.a.j.t.JMeterThread: Thread is done: Thread Group 1-119
2024-06-12 14:35:35,908 INFO o.a.j.t.JMeterThread: Thread finished: Thread Group 1-119
2024-06-12 14:35:36,156 INFO o.a.j.t.JMeterThread: Thread started: Thread Group 1-122
2024-06-12 14:35:36,369 INFO o.a.j.t.JMeterThread: Thread is done: Thread Group 1-120
2024-06-12 14:35:36,369 INFO o.a.j.t.JMeterThread: Thread finished: Thread Group 1-120
2024-06-12 14:35:36,430 INFO o.a.j.t.JMeterThread: Thread started: Thread Group 1-123
2024-06-12 14:35:36,457 INFO o.a.j.t.JMeterThread: Thread is done: Thread Group 1-121
2024-06-12 14:35:36,457 INFO o.a.j.t.JMeterThread: Thread finished: Thread Group 1-121
2024-06-12 14:35:36,703 INFO o.a.j.t.JMeterThread: Thread started: Thread Group 1-124
2024-06-12 14:35:36,740 INFO o.a.j.t.JMeterThread: Thread is done: Thread Group 1-122
2024-06-12 14:35:36,741 INFO o.a.j.t.JMeterThread: Thread finished: Thread Group 1-122
2024-06-12 14:35:36,979 INFO o.a.j.t.JMeterThread: Thread started: Thread Group 1-125
2024-06-12 14:35:37,018 INFO o.a.j.t.JMeterThread: Thread is done: Thread Group 1-123
2024-06-12 14:35:37,018 INFO o.a.j.t.JMeterThread: Thread finished: Thread Group 1-123
2024-06-12 14:35:37,249 INFO o.a.j.t.JMeterThread: Thread started: Thread Group 1-126
2024-06-12 14:35:37,299 INFO o.a.j.t.JMeterThread: Thread is done: Thread Group 1-124
2024-06-12 14:35:37,299 INFO o.a.j.t.JMeterThread: Thread finished: Thread Group 1-124
2024-06-12 14:35:37,522 INFO o.a.j.t.JMeterThread: Thread started: Thread Group 1-127
2024-06-12 14:35:37,561 INFO o.a.j.t.JMeterThread: Thread is done: Thread Group 1-125
2024-06-12 14:35:37,561 INFO o.a.j.t.JMeterThread: Thread finished: Thread Group 1-125
2024-06-12 14:35:37,795 INFO o.a.j.t.JMeterThread: Thread started: Thread Group 1-128
2024-06-12 14:35:38,005 INFO o.a.j.t.JMeterThread: Thread is done: Thread Group 1-126
2024-06-12 14:35:38,005 INFO o.a.j.t.JMeterThread: Thread finished: Thread Group 1-126
2024-06-12 14:35:38,067 INFO o.a.j.t.JMeterThread: Thread started: Thread Group 1-129
2024-06-12 14:35:38,307 INFO o.a.j.t.JMeterThread: Thread is done: Thread Group 1-127
2024-06-12 14:35:38,307 INFO o.a.j.t.JMeterThread: Thread finished: Thread Group 1-127
2024-06-12 14:35:38,341 INFO o.a.j.t.JMeterThread: Thread started: Thread Group 1-130
2024-06-12 14:35:38,567 INFO o.a.j.t.JMeterThread: Thread is done: Thread Group 1-128
2024-06-12 14:35:38,568 INFO o.a.j.t.JMeterThread: Thread finished: Thread Group 1-128
2024-06-12 14:35:38,614 INFO o.a.j.t.JMeterThread: Thread started: Thread Group 1-131
2024-06-12 14:35:38,821 INFO o.a.j.t.JMeterThread: Thread is done: Thread Group 1-129
2024-06-12 14:35:38,821 INFO o.a.j.t.JMeterThread: Thread finished: Thread Group 1-129
2024-06-12 14:35:38,887 INFO o.a.j.t.JMeterThread: Thread started: Thread Group 1-132
2024-06-12 14:35:39,094 INFO o.a.j.t.JMeterThread: Thread is done: Thread Group 1-130
2024-06-12 14:35:39,094 INFO o.a.j.t.JMeterThread: Thread finished: Thread Group 1-130
2024-06-12 14:35:39,160 INFO o.a.j.t.JMeterThread: Thread started: Thread Group 1-133
2024-06-12 14:35:39,392 INFO o.a.j.t.JMeterThread: Thread is done: Thread Group 1-131
2024-06-12 14:35:39,392 INFO o.a.j.t.JMeterThread: Thread finished: Thread Group 1-131
2024-06-12 14:35:39,433 INFO o.a.j.t.JMeterThread: Thread started: Thread Group 1-134
2024-06-12 14:35:39,668 INFO o.a.j.t.JMeterThread: Thread is done: Thread Group 1-132
2024-06-12 14:35:39,668 INFO o.a.j.t.JMeterThread: Thread finished: Thread Group 1-132
2024-06-12 14:35:39,706 INFO o.a.j.t.JMeterThread: Thread started: Thread Group 1-135
2024-06-12 14:35:39,934 INFO o.a.j.t.JMeterThread: Thread is done: Thread Group 1-133
2024-06-12 14:35:39,934 INFO o.a.j.t.JMeterThread: Thread finished: Thread Group 1-133
2024-06-12 14:35:39,979 INFO o.a.j.t.JMeterThread: Thread started: Thread Group 1-136
2024-06-12 14:35:40,184 INFO o.a.j.t.JMeterThread: Thread is done: Thread Group 1-134
2024-06-12 14:35:40,184 INFO o.a.j.t.JMeterThread: Thread finished: Thread Group 1-134
2024-06-12 14:35:40,252 INFO o.a.j.t.JMeterThread: Thread started: Thread Group 1-137
2024-06-12 14:35:40,285 INFO o.a.j.t.JMeterThread: Thread is done: Thread Group 1-135
2024-06-12 14:35:40,285 INFO o.a.j.t.JMeterThread: Thread finished: Thread Group 1-135
2024-06-12 14:35:40,524 INFO o.a.j.t.JMeterThread: Thread started: Thread Group 1-138
2024-06-12 14:35:40,763 INFO o.a.j.t.JMeterThread: Thread is done: Thread Group 1-136
2024-06-12 14:35:40,763 INFO o.a.j.t.JMeterThread: Thread finished: Thread Group 1-136
2024-06-12 14:35:40,801 INFO o.a.j.t.JMeterThread: Thread started: Thread Group 1-139
2024-06-12 14:35:40,822 INFO o.a.j.t.JMeterThread: Thread is done: Thread Group 1-137
2024-06-12 14:35:40,822 INFO o.a.j.t.JMeterThread: Thread finished: Thread Group 1-137
2024-06-12 14:35:41,073 INFO o.a.j.t.JMeterThread: Thread started: Thread Group 1-140
2024-06-12 14:35:41,299 INFO o.a.j.t.JMeterThread: Thread is done: Thread Group 1-138
2024-06-12 14:35:41,299 INFO o.a.j.t.JMeterThread: Thread finished: Thread Group 1-138
2024-06-12 14:35:41,348 INFO o.a.j.t.JMeterThread: Thread started: Thread Group 1-141
2024-06-12 14:35:41,374 INFO o.a.j.t.JMeterThread: Thread is done: Thread Group 1-139
2024-06-12 14:35:41,374 INFO o.a.j.t.JMeterThread: Thread finished: Thread Group 1-139
2024-06-12 14:35:41,618 INFO o.a.j.t.JMeterThread: Thread started: Thread Group 1-142
2024-06-12 14:35:41,838 INFO o.a.j.t.JMeterThread: Thread is done: Thread Group 1-140
2024-06-12 14:35:41,838 INFO o.a.j.t.JMeterThread: Thread finished: Thread Group 1-140
2024-06-12 14:35:41,890 INFO o.a.j.t.JMeterThread: Thread started: Thread Group 1-143
2024-06-12 14:35:42,111 INFO o.a.j.t.JMeterThread: Thread is done: Thread Group 1-141
2024-06-12 14:35:42,111 INFO o.a.j.t.JMeterThread: Thread finished: Thread Group 1-141
2024-06-12 14:35:42,162 INFO o.a.j.t.JMeterThread: Thread started: Thread Group 1-144
2024-06-12 14:35:42,206 INFO o.a.j.t.JMeterThread: Thread is done: Thread Group 1-142
2024-06-12 14:35:42,206 INFO o.a.j.t.JMeterThread: Thread finished: Thread Group 1-142
2024-06-12 14:35:42,436 INFO o.a.j.t.JMeterThread: Thread started: Thread Group 1-145
2024-06-12 14:35:42,466 INFO o.a.j.t.JMeterThread: Thread is done: Thread Group 1-143
2024-06-12 14:35:42,466 INFO o.a.j.t.JMeterThread: Thread finished: Thread Group 1-143
2024-06-12 14:35:42,709 INFO o.a.j.t.JMeterThread: Thread started: Thread Group 1-146
2024-06-12 14:35:42,752 INFO o.a.j.t.JMeterThread: Thread is done: Thread Group 1-144
2024-06-12 14:35:42,752 INFO o.a.j.t.JMeterThread: Thread finished: Thread Group 1-144
2024-06-12 14:35:42,981 INFO o.a.j.t.JMeterThread: Thread started: Thread Group 1-147
2024-06-12 14:35:43,197 INFO o.a.j.t.JMeterThread: Thread is done: Thread Group 1-145
2024-06-12 14:35:43,197 INFO o.a.j.t.JMeterThread: Thread finished: Thread Group 1-145
2024-06-12 14:35:43,256 INFO o.a.j.t.JMeterThread: Thread started: Thread Group 1-148
2024-06-12 14:35:43,292 INFO o.a.j.t.JMeterThread: Thread is done: Thread Group 1-146
2024-06-12 14:35:43,292 INFO o.a.j.t.JMeterThread: Thread finished: Thread Group 1-146
2024-06-12 14:35:43,529 INFO o.a.j.t.JMeterThread: Thread started: Thread Group 1-149
2024-06-12 14:35:43,769 INFO o.a.j.t.JMeterThread: Thread is done: Thread Group 1-147
2024-06-12 14:35:43,769 INFO o.a.j.t.JMeterThread: Thread finished: Thread Group 1-147
2024-06-12 14:35:43,801 INFO o.a.j.t.JMeterThread: Thread started: Thread Group 1-150
2024-06-12 14:35:43,829 INFO o.a.j.t.JMeterThread: Thread is done: Thread Group 1-148
2024-06-12 14:35:43,829 INFO o.a.j.t.JMeterThread: Thread finished: Thread Group 1-148
2024-06-12 14:35:44,074 INFO o.a.j.t.JMeterThread: Thread started: Thread Group 1-151
2024-06-12 14:35:44,107 INFO o.a.j.t.JMeterThread: Thread is done: Thread Group 1-149
2024-06-12 14:35:44,107 INFO o.a.j.t.JMeterThread: Thread finished: Thread Group 1-149
2024-06-12 14:35:44,347 INFO o.a.j.t.JMeterThread: Thread started: Thread Group 1-152
2024-06-12 14:35:44,567 INFO o.a.j.t.JMeterThread: Thread is done: Thread Group 1-150
2024-06-12 14:35:44,567 INFO o.a.j.t.JMeterThread: Thread finished: Thread Group 1-150
2024-06-12 14:35:44,620 INFO o.a.j.t.JMeterThread: Thread started: Thread Group 1-153
2024-06-12 14:35:44,863 INFO o.a.j.t.JMeterThread: Thread is done: Thread Group 1-151
2024-06-12 14:35:44,863 INFO o.a.j.t.JMeterThread: Thread finished: Thread Group 1-151
2024-06-12 14:35:44,892 INFO o.a.j.t.JMeterThread: Thread started: Thread Group 1-154
2024-06-12 14:35:44,942 INFO o.a.j.t.JMeterThread: Thread is done: Thread Group 1-152
2024-06-12 14:35:44,942 INFO o.a.j.t.JMeterThread: Thread finished: Thread Group 1-152
2024-06-12 14:35:45,166 INFO o.a.j.t.JMeterThread: Thread started: Thread Group 1-155
2024-06-12 14:35:45,394 INFO o.a.j.t.JMeterThread: Thread is done: Thread Group 1-153
2024-06-12 14:35:45,394 INFO o.a.j.t.JMeterThread: Thread finished: Thread Group 1-153
2024-06-12 14:35:45,440 INFO o.a.j.t.JMeterThread: Thread started: Thread Group 1-156
2024-06-12 14:35:45,655 INFO o.a.j.t.JMeterThread: Thread is done: Thread Group 1-154
2024-06-12 14:35:45,655 INFO o.a.j.t.JMeterThread: Thread finished: Thread Group 1-154
2024-06-12 14:35:45,712 INFO o.a.j.t.JMeterThread: Thread started: Thread Group 1-157
2024-06-12 14:35:45,955 INFO o.a.j.t.JMeterThread: Thread is done: Thread Group 1-155
2024-06-12 14:35:45,955 INFO o.a.j.t.JMeterThread: Thread finished: Thread Group 1-155
2024-06-12 14:35:45,985 INFO o.a.j.t.JMeterThread: Thread started: Thread Group 1-158
2024-06-12 14:35:46,214 INFO o.a.j.t.JMeterThread: Thread is done: Thread Group 1-156
2024-06-12 14:35:46,214 INFO o.a.j.t.JMeterThread: Thread finished: Thread Group 1-156
2024-06-12 14:35:46,258 INFO o.a.j.t.JMeterThread: Thread started: Thread Group 1-159
2024-06-12 14:35:46,464 INFO o.a.j.t.JMeterThread: Thread is done: Thread Group 1-157
2024-06-12 14:35:46,464 INFO o.a.j.t.JMeterThread: Thread finished: Thread Group 1-157
2024-06-12 14:35:46,531 INFO o.a.j.t.JMeterThread: Thread started: Thread Group 1-160
2024-06-12 14:35:46,744 INFO o.a.j.t.JMeterThread: Thread is done: Thread Group 1-158
2024-06-12 14:35:46,744 INFO o.a.j.t.JMeterThread: Thread finished: Thread Group 1-158
2024-06-12 14:35:46,804 INFO o.a.j.t.JMeterThread: Thread started: Thread Group 1-161
2024-06-12 14:35:47,015 INFO o.a.j.t.JMeterThread: Thread is done: Thread Group 1-159
2024-06-12 14:35:47,015 INFO o.a.j.t.JMeterThread: Thread finished: Thread Group 1-159
2024-06-12 14:35:47,077 INFO o.a.j.t.JMeterThread: Thread started: Thread Group 1-162
2024-06-12 14:35:47,292 INFO o.a.j.t.JMeterThread: Thread is done: Thread Group 1-160
2024-06-12 14:35:47,292 INFO o.a.j.t.JMeterThread: Thread finished: Thread Group 1-160
2024-06-12 14:35:47,350 INFO o.a.j.t.JMeterThread: Thread started: Thread Group 1-163
2024-06-12 14:35:47,622 INFO o.a.j.t.JMeterThread: Thread started: Thread Group 1-164
2024-06-12 14:35:47,849 INFO o.a.j.t.JMeterThread: Thread is done: Thread Group 1-162
2024-06-12 14:35:47,850 INFO o.a.j.t.JMeterThread: Thread finished: Thread Group 1-162
2024-06-12 14:35:47,895 INFO o.a.j.t.JMeterThread: Thread started: Thread Group 1-165
2024-06-12 14:35:48,129 INFO o.a.j.t.JMeterThread: Thread is done: Thread Group 1-163
2024-06-12 14:35:48,129 INFO o.a.j.t.JMeterThread: Thread finished: Thread Group 1-163
2024-06-12 14:35:48,169 INFO o.a.j.t.JMeterThread: Thread started: Thread Group 1-166
2024-06-12 14:35:48,399 INFO o.a.j.t.JMeterThread: Thread is done: Thread Group 1-164
2024-06-12 14:35:48,399 INFO o.a.j.t.JMeterThread: Thread finished: Thread Group 1-164
2024-06-12 14:35:48,442 INFO o.a.j.t.JMeterThread: Thread started: Thread Group 1-167
2024-06-12 14:35:48,560 INFO o.a.j.t.JMeterThread: Thread is done: Thread Group 1-161
2024-06-12 14:35:48,560 INFO o.a.j.t.JMeterThread: Thread finished: Thread Group 1-161
2024-06-12 14:35:48,667 INFO o.a.j.t.JMeterThread: Thread is done: Thread Group 1-165
2024-06-12 14:35:48,667 INFO o.a.j.t.JMeterThread: Thread finished: Thread Group 1-165
2024-06-12 14:35:48,715 INFO o.a.j.t.JMeterThread: Thread started: Thread Group 1-168
2024-06-12 14:35:48,735 INFO o.a.j.t.JMeterThread: Thread is done: Thread Group 1-166
2024-06-12 14:35:48,736 INFO o.a.j.t.JMeterThread: Thread finished: Thread Group 1-166
2024-06-12 14:35:48,987 INFO o.a.j.t.JMeterThread: Thread started: Thread Group 1-169
2024-06-12 14:35:49,193 INFO o.a.j.t.JMeterThread: Thread is done: Thread Group 1-167
2024-06-12 14:35:49,193 INFO o.a.j.t.JMeterThread: Thread finished: Thread Group 1-167
2024-06-12 14:35:49,261 INFO o.a.j.t.JMeterThread: Thread started: Thread Group 1-170
2024-06-12 14:35:49,295 INFO o.a.j.t.JMeterThread: Thread is done: Thread Group 1-168
2024-06-12 14:35:49,295 INFO o.a.j.t.JMeterThread: Thread finished: Thread Group 1-168
2024-06-12 14:35:49,533 INFO o.a.j.t.JMeterThread: Thread started: Thread Group 1-171
2024-06-12 14:35:49,755 INFO o.a.j.t.JMeterThread: Thread is done: Thread Group 1-169
2024-06-12 14:35:49,755 INFO o.a.j.t.JMeterThread: Thread finished: Thread Group 1-169
2024-06-12 14:35:49,807 INFO o.a.j.t.JMeterThread: Thread started: Thread Group 1-172
2024-06-12 14:35:49,826 INFO o.a.j.t.JMeterThread: Thread is done: Thread Group 1-170
2024-06-12 14:35:49,826 INFO o.a.j.t.JMeterThread: Thread finished: Thread Group 1-170
2024-06-12 14:35:50,081 INFO o.a.j.t.JMeterThread: Thread started: Thread Group 1-173
2024-06-12 14:35:50,296 INFO o.a.j.t.JMeterThread: Thread is done: Thread Group 1-171
2024-06-12 14:35:50,296 INFO o.a.j.t.JMeterThread: Thread finished: Thread Group 1-171
2024-06-12 14:35:50,353 INFO o.a.j.t.JMeterThread: Thread started: Thread Group 1-174
2024-06-12 14:35:50,581 INFO o.a.j.t.JMeterThread: Thread is done: Thread Group 1-172
2024-06-12 14:35:50,581 INFO o.a.j.t.JMeterThread: Thread finished: Thread Group 1-172
2024-06-12 14:35:50,626 INFO o.a.j.t.JMeterThread: Thread started: Thread Group 1-175
2024-06-12 14:35:50,871 INFO o.a.j.t.JMeterThread: Thread is done: Thread Group 1-173
2024-06-12 14:35:50,871 INFO o.a.j.t.JMeterThread: Thread finished: Thread Group 1-173
2024-06-12 14:35:50,898 INFO o.a.j.t.JMeterThread: Thread started: Thread Group 1-176
2024-06-12 14:35:51,172 INFO o.a.j.t.JMeterThread: Thread started: Thread Group 1-177
2024-06-12 14:35:51,231 INFO o.a.j.t.JMeterThread: Thread is done: Thread Group 1-174
2024-06-12 14:35:51,231 INFO o.a.j.t.JMeterThread: Thread finished: Thread Group 1-174
2024-06-12 14:35:51,445 INFO o.a.j.t.JMeterThread: Thread started: Thread Group 1-178
2024-06-12 14:35:51,662 INFO o.a.j.t.JMeterThread: Thread is done: Thread Group 1-175
2024-06-12 14:35:51,663 INFO o.a.j.t.JMeterThread: Thread finished: Thread Group 1-175
2024-06-12 14:35:51,718 INFO o.a.j.t.JMeterThread: Thread started: Thread Group 1-179
2024-06-12 14:35:51,783 INFO o.a.j.t.JMeterThread: Thread is done: Thread Group 1-176
2024-06-12 14:35:51,783 INFO o.a.j.t.JMeterThread: Thread finished: Thread Group 1-176
2024-06-12 14:35:51,990 INFO o.a.j.t.JMeterThread: Thread started: Thread Group 1-180
2024-06-12 14:35:52,138 INFO o.a.j.t.JMeterThread: Thread is done: Thread Group 1-177
2024-06-12 14:35:52,138 INFO o.a.j.t.JMeterThread: Thread finished: Thread Group 1-177
2024-06-12 14:35:52,265 INFO o.a.j.t.JMeterThread: Thread started: Thread Group 1-181
2024-06-12 14:35:52,296 INFO o.a.j.t.JMeterThread: Thread is done: Thread Group 1-178
2024-06-12 14:35:52,296 INFO o.a.j.t.JMeterThread: Thread finished: Thread Group 1-178
2024-06-12 14:35:52,493 INFO o.a.j.t.JMeterThread: Thread is done: Thread Group 1-179
2024-06-12 14:35:52,493 INFO o.a.j.t.JMeterThread: Thread finished: Thread Group 1-179
2024-06-12 14:35:52,537 INFO o.a.j.t.JMeterThread: Thread started: Thread Group 1-182
2024-06-12 14:35:52,580 INFO o.a.j.t.JMeterThread: Thread is done: Thread Group 1-180
2024-06-12 14:35:52,580 INFO o.a.j.t.JMeterThread: Thread finished: Thread Group 1-180
2024-06-12 14:35:52,811 INFO o.a.j.t.JMeterThread: Thread started: Thread Group 1-183
2024-06-12 14:35:53,038 INFO o.a.j.t.JMeterThread: Thread is done: Thread Group 1-181
2024-06-12 14:35:53,038 INFO o.a.j.t.JMeterThread: Thread finished: Thread Group 1-181
2024-06-12 14:35:53,084 INFO o.a.j.t.JMeterThread: Thread started: Thread Group 1-184
2024-06-12 14:35:53,316 INFO o.a.j.t.JMeterThread: Thread is done: Thread Group 1-182
2024-06-12 14:35:53,316 INFO o.a.j.t.JMeterThread: Thread finished: Thread Group 1-182
2024-06-12 14:35:53,356 INFO o.a.j.t.JMeterThread: Thread started: Thread Group 1-185
2024-06-12 14:35:53,572 INFO o.a.j.t.JMeterThread: Thread is done: Thread Group 1-183
2024-06-12 14:35:53,573 INFO o.a.j.t.JMeterThread: Thread finished: Thread Group 1-183
2024-06-12 14:35:53,629 INFO o.a.j.t.JMeterThread: Thread started: Thread Group 1-186
2024-06-12 14:35:53,679 INFO o.a.j.t.JMeterThread: Thread is done: Thread Group 1-184
2024-06-12 14:35:53,679 INFO o.a.j.t.JMeterThread: Thread finished: Thread Group 1-184
2024-06-12 14:35:53,901 INFO o.a.j.t.JMeterThread: Thread started: Thread Group 1-187
2024-06-12 14:35:53,944 INFO o.a.j.t.JMeterThread: Thread is done: Thread Group 1-185
2024-06-12 14:35:53,944 INFO o.a.j.t.JMeterThread: Thread finished: Thread Group 1-185
2024-06-12 14:35:54,174 INFO o.a.j.t.JMeterThread: Thread started: Thread Group 1-188
2024-06-12 14:35:54,219 INFO o.a.j.t.JMeterThread: Thread is done: Thread Group 1-186
2024-06-12 14:35:54,219 INFO o.a.j.t.JMeterThread: Thread finished: Thread Group 1-186
2024-06-12 14:35:54,447 INFO o.a.j.t.JMeterThread: Thread started: Thread Group 1-189
2024-06-12 14:35:54,486 INFO o.a.j.t.JMeterThread: Thread is done: Thread Group 1-187
2024-06-12 14:35:54,487 INFO o.a.j.t.JMeterThread: Thread finished: Thread Group 1-187
2024-06-12 14:35:54,722 INFO o.a.j.t.JMeterThread: Thread started: Thread Group 1-190
2024-06-12 14:35:54,937 INFO o.a.j.t.JMeterThread: Thread is done: Thread Group 1-188
2024-06-12 14:35:54,937 INFO o.a.j.t.JMeterThread: Thread finished: Thread Group 1-188
2024-06-12 14:35:54,993 INFO o.a.j.t.JMeterThread: Thread started: Thread Group 1-191
2024-06-12 14:35:55,207 INFO o.a.j.t.JMeterThread: Thread is done: Thread Group 1-189
2024-06-12 14:35:55,208 INFO o.a.j.t.JMeterThread: Thread finished: Thread Group 1-189
2024-06-12 14:35:55,267 INFO o.a.j.t.JMeterThread: Thread started: Thread Group 1-192
2024-06-12 14:35:55,502 INFO o.a.j.t.JMeterThread: Thread is done: Thread Group 1-190
2024-06-12 14:35:55,502 INFO o.a.j.t.JMeterThread: Thread finished: Thread Group 1-190
2024-06-12 14:35:55,540 INFO o.a.j.t.JMeterThread: Thread started: Thread Group 1-193
2024-06-12 14:35:55,565 INFO o.a.j.t.JMeterThread: Thread is done: Thread Group 1-191
2024-06-12 14:35:55,565 INFO o.a.j.t.JMeterThread: Thread finished: Thread Group 1-191
2024-06-12 14:35:55,813 INFO o.a.j.t.JMeterThread: Thread started: Thread Group 1-194
2024-06-12 14:35:56,021 INFO o.a.j.t.JMeterThread: Thread is done: Thread Group 1-192
2024-06-12 14:35:56,021 INFO o.a.j.t.JMeterThread: Thread finished: Thread Group 1-192
2024-06-12 14:35:56,087 INFO o.a.j.t.JMeterThread: Thread started: Thread Group 1-195
2024-06-12 14:35:56,114 INFO o.a.j.t.JMeterThread: Thread is done: Thread Group 1-193
2024-06-12 14:35:56,114 INFO o.a.j.t.JMeterThread: Thread finished: Thread Group 1-193
2024-06-12 14:35:56,274 INFO o.a.j.r.ResultCollector: Shutdown hook started
2024-06-12 14:35:56,275 INFO o.a.j.r.ResultCollector: Shutdown hook ended
